[INFO ] 2021-09-02 01:31:58.212 [main] BaseClass - Application Initialization started
[INFO ] 2021-09-02 01:32:55.755 [main] BaseClass - Application Initialization completed
[INFO ] 2021-09-02 01:48:02.674 [main] BaseClass - Application Initialization started
[INFO ] 2021-09-02 01:49:00.655 [main] BaseClass - Application Initialization completed
[INFO ] 2021-09-02 01:49:00.655 [main] BaseClass - Starting test execution
[INFO ] 2021-09-02 01:49:02.309 [main] BaseClass - Clicked on new message button
[INFO ] 2021-09-02 01:49:08.503 [main] BaseClass - Contact added for message
[INFO ] 2021-09-02 01:49:11.272 [main] BaseClass - Test message entered
[INFO ] 2021-09-02 01:49:12.103 [main] BaseClass - Clicked on send message button
[INFO ] 2021-09-02 01:53:02.254 [main] BaseClass - Application Initialization started
[INFO ] 2021-09-02 01:53:57.544 [main] BaseClass - Application Initialization completed
[INFO ] 2021-09-02 01:53:57.544 [main] BaseClass - Starting test execution
[INFO ] 2021-09-02 01:53:59.376 [main] BaseClass - Clicked on new message button
[INFO ] 2021-09-02 01:54:05.830 [main] BaseClass - Contact added for message
[INFO ] 2021-09-02 01:54:08.879 [main] BaseClass - Test message entered
[INFO ] 2021-09-02 01:54:09.676 [main] BaseClass - Clicked on send message button
[INFO ] 2021-09-02 01:57:16.393 [main] BaseClass - Application Initialization started
[INFO ] 2021-09-02 01:58:10.742 [main] BaseClass - Application Initialization completed
[INFO ] 2021-09-02 01:58:10.742 [main] BaseClass - Starting test execution
[INFO ] 2021-09-02 01:58:13.402 [main] BaseClass - Clicked on new message button
[INFO ] 2021-09-02 01:58:19.255 [main] BaseClass - Contact added for message
[INFO ] 2021-09-02 01:58:22.016 [main] BaseClass - Test message entered
[INFO ] 2021-09-02 01:58:22.945 [main] BaseClass - Clicked on send message button
[INFO ] 2021-09-02 02:04:10.612 [main] BaseClass - Application Initialization started
[INFO ] 2021-09-02 02:05:05.373 [main] BaseClass - Application Initialization completed
[INFO ] 2021-09-02 02:05:05.373 [main] BaseClass - Starting test execution
[INFO ] 2021-09-02 02:05:07.838 [main] BaseClass - Clicked on new message button
[INFO ] 2021-09-02 02:05:13.826 [main] BaseClass - Contact added for message
[INFO ] 2021-09-02 02:05:16.335 [main] BaseClass - Test message entered
[INFO ] 2021-09-02 02:05:17.101 [main] BaseClass - Clicked on send message button
[INFO ] 2021-09-02 02:31:39.899 [main] BaseClass - Application Initialization started
[INFO ] 2021-09-02 02:32:38.902 [main] BaseClass - Application Initialization completed
[INFO ] 2021-09-02 02:32:38.902 [main] BaseClass - Starting test execution
[INFO ] 2021-09-02 02:32:40.554 [main] BaseClass - Clicked on new message button
[INFO ] 2021-09-02 02:32:47.201 [main] BaseClass - Contact added for message
[INFO ] 2021-09-02 02:32:50.012 [main] BaseClass - Test message entered
[INFO ] 2021-09-02 02:32:51.123 [main] BaseClass - Clicked on send message button
[INFO ] 2021-09-24 11:12:09.807 [main] BaseClass - Application Initialization started
[INFO ] 2021-09-24 11:13:33.458 [main] BaseClass - Application Initialization started
[INFO ] 2021-09-24 11:14:07.780 [main] BaseClass - Application Initialization started
[INFO ] 2021-09-24 11:14:46.008 [main] BaseClass - Application Initialization started
[INFO ] 2021-09-24 11:15:41.652 [main] BaseClass - Application Initialization started
[INFO ] 2021-09-24 11:16:16.108 [main] BaseClass - Application Initialization started
[INFO ] 2021-09-24 11:18:09.741 [main] BaseClass - Application Initialization started
[INFO ] 2021-09-24 11:18:46.495 [main] BaseClass - Application Initialization started
[INFO ] 2021-09-24 11:19:17.217 [main] BaseClass - Application Initialization started
[INFO ] 2021-09-24 11:21:30.483 [main] BaseClass - Application Initialization started
[INFO ] 2021-09-24 11:22:10.829 [main] BaseClass - Application Initialization started
[INFO ] 2021-09-24 11:23:16.525 [main] BaseClass - Application Initialization started
[INFO ] 2021-09-24 11:24:52.202 [main] BaseClass - Application Initialization started
[INFO ] 2021-09-24 11:25:46.970 [main] BaseClass - Application Initialization started
[INFO ] 2021-09-24 11:50:21.911 [main] BaseClass - Application Initialization started
[INFO ] 2021-09-24 11:50:51.227 [main] BaseClass - Application Initialization started
[INFO ] 2021-09-24 11:51:01.207 [main] BaseClass - Application Initialization started
[INFO ] 2023-10-15 00:41:49.366 [main] BaseClass - Application Initialization started
[INFO ] 2023-10-15 00:41:50.035 [main] BaseClass - Application Initialization started
[INFO ] 2023-10-15 00:41:50.074 [main] BaseClass - Application Initialization started
[INFO ] 2023-10-15 00:42:46.527 [main] BaseClass - Application Initialization started
[INFO ] 2023-10-15 00:42:47.000 [main] BaseClass - Application Initialization started
[INFO ] 2023-10-15 00:42:47.030 [main] BaseClass - Application Initialization started
[INFO ] 2023-10-15 00:44:21.918 [main] BaseClass - Application Initialization started
[INFO ] 2023-10-15 00:44:22.372 [main] BaseClass - Application Initialization started
[INFO ] 2023-10-15 00:44:22.408 [main] BaseClass - Application Initialization started
[INFO ] 2023-10-15 00:47:50.593 [main] BaseClass - Application Initialization started
[INFO ] 2023-10-15 00:47:51.482 [main] BaseClass - Application Initialization started
[INFO ] 2023-10-15 00:47:51.615 [main] BaseClass - Application Initialization started
[INFO ] 2023-10-15 00:48:23.209 [main] BaseClass - Application Initialization started
[INFO ] 2023-10-15 00:48:24.034 [main] BaseClass - Application Initialization started
[INFO ] 2023-10-15 00:48:24.103 [main] BaseClass - Application Initialization started
[INFO ] 2023-10-15 00:49:34.730 [main] BaseClass - Application Initialization started
[INFO ] 2023-10-15 00:50:46.904 [main] BaseClass - Application Initialization started
[INFO ] 2023-10-15 01:00:19.303 [main] BaseClass - Application Initialization started
[INFO ] 2023-10-15 01:00:19.453 [main] BaseClass - Application Initialization started
[INFO ] 2023-10-15 01:05:37.061 [main] BaseClass - Application Initialization started
[INFO ] 2023-10-15 01:05:38.176 [main] BaseClass - Application Initialization started
[INFO ] 2023-10-15 01:05:38.245 [main] BaseClass - Application Initialization started
[INFO ] 2023-10-15 01:06:05.493 [main] BaseClass - Application Initialization started
[INFO ] 2023-10-15 01:06:21.863 [main] BaseClass - Application Initialization started
[INFO ] 2023-10-15 01:06:28.202 [main] BaseClass - Application Initialization started
[INFO ] 2023-10-15 01:07:43.312 [main] BaseClass - Application Initialization started
[INFO ] 2023-10-15 01:08:59.686 [main] BaseClass - Application Initialization started
[INFO ] 2023-10-15 01:09:17.723 [main] BaseClass - Application Initialization completed
[INFO ] 2023-10-15 01:09:17.723 [main] BaseClass - Starting test execution
[INFO ] 2023-10-15 02:39:28.697 [main] BaseClass - Application Initialization started
[INFO ] 2023-10-15 02:50:01.128 [main] BaseClass - Application Initialization started
[INFO ] 2023-10-15 02:50:10.443 [main] BaseClass - Application Initialization completed
[INFO ] 2023-10-15 02:50:10.443 [main] BaseClass - Starting test execution
[INFO ] 2023-10-15 02:59:36.645 [main] BaseClass - Application Initialization started
[INFO ] 2023-10-15 02:59:46.362 [main] BaseClass - Application Initialization completed
[INFO ] 2023-10-15 02:59:46.362 [main] BaseClass - Starting test execution
[INFO ] 2023-10-15 03:00:41.052 [main] BaseClass - Application Initialization started
[INFO ] 2023-10-15 03:00:50.436 [main] BaseClass - Application Initialization completed
[INFO ] 2023-10-15 03:00:50.436 [main] BaseClass - Starting test execution
[INFO ] 2023-10-15 03:00:55.646 [main] BaseClass - Clicked on new message button
[INFO ] 2023-10-15 03:00:59.789 [main] BaseClass - Contact added for message
[INFO ] 2023-10-15 03:02:47.694 [main] BaseClass - Application Initialization started
[INFO ] 2023-10-15 03:02:57.100 [main] BaseClass - Application Initialization completed
[INFO ] 2023-10-15 03:02:57.100 [main] BaseClass - Starting test execution
[INFO ] 2023-10-15 03:04:28.278 [main] BaseClass - Application Initialization started
[INFO ] 2023-10-15 03:04:37.922 [main] BaseClass - Application Initialization completed
[INFO ] 2023-10-15 03:04:37.922 [main] BaseClass - Starting test execution
[INFO ] 2023-10-15 03:12:46.840 [main] BaseClass - Application Initialization started
[INFO ] 2023-10-15 03:13:09.860 [main] BaseClass - Application Initialization started
[INFO ] 2023-10-15 03:15:30.267 [main] BaseClass - Application Initialization started
[INFO ] 2023-10-15 03:16:19.049 [main] BaseClass - Application Initialization started
[INFO ] 2023-10-15 03:19:32.603 [main] BaseClass - Application Initialization started
[INFO ] 2023-10-15 03:19:47.390 [main] BaseClass - Application Initialization completed
[INFO ] 2023-10-15 03:19:47.391 [main] BaseClass - Starting test execution
[INFO ] 2023-10-15 03:21:27.235 [main] BaseClass - Application Initialization started
[INFO ] 2023-10-15 03:21:35.526 [main] BaseClass - Application Initialization completed
[INFO ] 2023-10-15 03:21:35.526 [main] BaseClass - Starting test execution
[INFO ] 2023-10-15 03:25:03.019 [main] BaseClass - Application Initialization started
[INFO ] 2023-10-15 03:25:10.162 [main] BaseClass - Application Initialization completed
[INFO ] 2023-10-15 03:25:10.162 [main] BaseClass - Starting test execution
[INFO ] 2023-10-15 03:49:34.214 [main] BaseClass - Application Initialization started
[INFO ] 2023-10-15 03:49:44.669 [main] BaseClass - Application Initialization completed
[INFO ] 2023-10-15 03:49:44.670 [main] BaseClass - Starting test execution
[INFO ] 2023-10-15 03:51:57.528 [main] BaseClass - Application Initialization started
[INFO ] 2023-10-15 03:52:04.392 [main] BaseClass - Application Initialization completed
[INFO ] 2023-10-15 03:52:04.392 [main] BaseClass - Starting test execution
[INFO ] 2023-10-15 03:52:56.929 [main] BaseClass - Application Initialization started
[INFO ] 2023-10-15 03:53:03.805 [main] BaseClass - Application Initialization completed
[INFO ] 2023-10-15 03:53:03.805 [main] BaseClass - Starting test execution
[INFO ] 2023-10-15 03:53:57.136 [main] BaseClass - Application Initialization started
[INFO ] 2023-10-15 03:54:04.275 [main] BaseClass - Application Initialization completed
[INFO ] 2023-10-15 03:54:04.275 [main] BaseClass - Starting test execution
[INFO ] 2023-10-15 04:04:43.962 [main] BaseClass - Application Initialization started
[INFO ] 2023-10-15 04:04:52.534 [main] BaseClass - Application Initialization completed
[INFO ] 2023-10-15 04:04:52.534 [main] BaseClass - Starting test execution
[INFO ] 2023-10-15 04:15:25.378 [main] BaseClass - Application Initialization started
[INFO ] 2023-10-15 04:15:34.974 [main] BaseClass - Application Initialization completed
[INFO ] 2023-10-15 04:15:34.974 [main] BaseClass - Starting test execution
[INFO ] 2023-10-15 04:17:01.620 [main] BaseClass - Application Initialization started
[INFO ] 2023-10-15 04:17:11.967 [main] BaseClass - Application Initialization completed
[INFO ] 2023-10-15 04:17:11.968 [main] BaseClass - Starting test execution
[INFO ] 2023-10-15 04:35:06.671 [main] BaseClass - Application Initialization started
[INFO ] 2023-10-15 04:35:25.985 [main] BaseClass - Application Initialization completed
[INFO ] 2023-10-15 04:35:25.986 [main] BaseClass - Starting test execution
[INFO ] 2023-10-15 04:35:26.038 [main] BaseClass - Application Initialization started
[INFO ] 2023-10-15 04:35:44.546 [main] BaseClass - Application Initialization completed
[INFO ] 2023-10-15 04:35:44.546 [main] BaseClass - Starting test execution
[INFO ] 2023-10-15 04:37:33.394 [main] BaseClass - Application Initialization started
[INFO ] 2023-10-15 04:38:04.736 [main] BaseClass - Application Initialization completed
[INFO ] 2023-10-15 04:38:04.736 [main] BaseClass - Starting test execution
[INFO ] 2023-10-15 04:38:04.826 [main] BaseClass - Application Initialization started
[INFO ] 2023-10-15 04:38:24.058 [main] BaseClass - Application Initialization started
[INFO ] 2023-10-15 04:38:49.275 [main] BaseClass - Application Initialization completed
[INFO ] 2023-10-15 04:38:49.275 [main] BaseClass - Starting test execution
[INFO ] 2023-10-15 04:40:53.325 [main] BaseClass - Application Initialization started
[INFO ] 2023-10-15 04:41:10.656 [main] BaseClass - Application Initialization completed
[INFO ] 2023-10-15 04:41:10.656 [main] BaseClass - Starting test execution
[INFO ] 2023-10-15 04:42:38.992 [main] BaseClass - Application Initialization started
[INFO ] 2023-10-15 04:42:51.200 [main] BaseClass - Application Initialization completed
[INFO ] 2023-10-15 04:42:51.200 [main] BaseClass - Starting test execution
[INFO ] 2023-10-15 13:58:08.597 [main] BaseClass - Application Initialization started
[INFO ] 2023-10-15 14:02:59.144 [main] BaseClass - Application Initialization started
[INFO ] 2023-10-15 14:07:03.557 [main] BaseClass - Application Initialization started
[INFO ] 2023-10-15 14:07:22.592 [main] BaseClass - Application Initialization started
[INFO ] 2023-10-15 15:04:59.937 [main] BaseClass - Application Initialization started
[INFO ] 2023-10-15 15:06:10.752 [main] BaseClass - Application Initialization started
[INFO ] 2023-10-15 15:06:34.261 [main] BaseClass - Application Initialization started
[INFO ] 2023-10-15 15:11:42.232 [main] BaseClass - Application Initialization started
[INFO ] 2023-10-15 15:22:29.102 [main] BaseClass - Application Initialization started
[INFO ] 2023-10-15 15:23:57.930 [main] BaseClass - Application Initialization started
[INFO ] 2023-10-15 15:28:25.246 [main] BaseClass - Application Initialization started
[INFO ] 2023-10-15 16:12:40.712 [main] BaseClass - Application Initialization started
[INFO ] 2023-10-15 16:12:52.579 [main] BaseClass - Application Initialization completed
[INFO ] 2023-10-15 16:12:52.579 [main] BaseClass - Starting test execution
[INFO ] 2023-10-15 20:26:29.348 [main] BaseClass - Application Initialization started
[INFO ] 2023-10-15 20:26:40.694 [main] BaseClass - Application Initialization completed
[INFO ] 2023-10-15 20:26:40.695 [main] BaseClass - Starting test execution
[INFO ] 2023-10-15 20:35:57.713 [main] BaseClass - Application Initialization started
[INFO ] 2023-10-15 20:36:07.467 [main] BaseClass - Application Initialization completed
[INFO ] 2023-10-15 20:36:07.467 [main] BaseClass - Starting test execution
[INFO ] 2023-10-15 20:37:20.197 [main] BaseClass - Application Initialization started
[INFO ] 2023-10-15 20:37:28.509 [main] BaseClass - Application Initialization completed
[INFO ] 2023-10-15 20:37:28.509 [main] BaseClass - Starting test execution
[INFO ] 2023-10-15 20:46:52.536 [main] BaseClass - Application Initialization started
[INFO ] 2023-10-15 20:47:03.961 [main] BaseClass - Application Initialization completed
[INFO ] 2023-10-15 20:47:03.961 [main] BaseClass - Starting test execution
[INFO ] 2023-10-15 20:50:25.286 [main] BaseClass - Application Initialization started
[INFO ] 2023-10-15 20:50:35.039 [main] BaseClass - Application Initialization completed
[INFO ] 2023-10-15 20:50:35.040 [main] BaseClass - Starting test execution
[INFO ] 2023-10-15 20:52:12.036 [main] BaseClass - Application Initialization started
[INFO ] 2023-10-15 20:52:21.617 [main] BaseClass - Application Initialization completed
[INFO ] 2023-10-15 20:52:21.617 [main] BaseClass - Starting test execution
[INFO ] 2023-10-15 21:00:11.697 [main] BaseClass - Application Initialization started
[INFO ] 2023-10-15 21:00:20.635 [main] BaseClass - Application Initialization completed
[INFO ] 2023-10-15 21:00:20.635 [main] BaseClass - Starting test execution
[INFO ] 2023-10-16 01:02:50.647 [main] BaseClass - Application Initialization started
[INFO ] 2023-10-16 01:02:59.162 [main] BaseClass - Application Initialization completed
[INFO ] 2023-10-16 01:02:59.162 [main] BaseClass - Starting test execution
[INFO ] 2023-10-16 01:05:24.429 [main] BaseClass - Application Initialization started
[INFO ] 2023-10-16 01:05:31.137 [main] BaseClass - Application Initialization completed
[INFO ] 2023-10-16 01:05:31.137 [main] BaseClass - Starting test execution
[INFO ] 2023-10-16 01:05:31.748 [main] BaseClass - Application Initialization started
[INFO ] 2023-10-16 01:05:39.261 [main] BaseClass - Application Initialization completed
[INFO ] 2023-10-16 01:05:39.261 [main] BaseClass - Starting test execution
[INFO ] 2023-10-16 01:06:10.852 [main] BaseClass - Application Initialization started
[INFO ] 2023-10-16 01:06:18.693 [main] BaseClass - Application Initialization completed
[INFO ] 2023-10-16 01:06:18.693 [main] BaseClass - Starting test execution
[INFO ] 2023-10-16 01:06:19.286 [main] BaseClass - Application Initialization started
[INFO ] 2023-10-16 01:06:26.742 [main] BaseClass - Application Initialization completed
[INFO ] 2023-10-16 01:06:26.742 [main] BaseClass - Starting test execution
[INFO ] 2023-10-16 01:08:06.122 [main] BaseClass - Application Initialization started
[INFO ] 2023-10-16 01:08:12.814 [main] BaseClass - Application Initialization completed
[INFO ] 2023-10-16 01:08:12.814 [main] BaseClass - Starting test execution
[INFO ] 2023-10-16 01:08:13.525 [main] BaseClass - Application Initialization started
[INFO ] 2023-10-16 01:08:21.044 [main] BaseClass - Application Initialization completed
[INFO ] 2023-10-16 01:08:21.044 [main] BaseClass - Starting test execution
[INFO ] 2023-10-16 01:09:12.359 [main] BaseClass - Application Initialization started
[INFO ] 2023-10-16 01:09:20.233 [main] BaseClass - Application Initialization completed
[INFO ] 2023-10-16 01:09:20.233 [main] BaseClass - Starting test execution
[INFO ] 2023-10-16 01:13:21.332 [main] BaseClass - Application Initialization started
[INFO ] 2023-10-16 01:13:29.163 [main] BaseClass - Application Initialization completed
[INFO ] 2023-10-16 01:13:29.163 [main] BaseClass - Starting test execution
[INFO ] 2023-10-16 01:14:05.407 [main] BaseClass - Application Initialization started
[INFO ] 2023-10-16 01:14:13.209 [main] BaseClass - Application Initialization completed
[INFO ] 2023-10-16 01:14:13.210 [main] BaseClass - Starting test execution
[INFO ] 2023-10-16 01:14:47.602 [main] BaseClass - Application Initialization started
[INFO ] 2023-10-16 01:14:55.502 [main] BaseClass - Application Initialization completed
[INFO ] 2023-10-16 01:14:55.502 [main] BaseClass - Starting test execution
[INFO ] 2023-10-16 01:17:01.734 [main] BaseClass - Application Initialization started
[INFO ] 2023-10-16 01:17:08.857 [main] BaseClass - Application Initialization completed
[INFO ] 2023-10-16 01:17:08.857 [main] BaseClass - Starting test execution
[INFO ] 2023-10-16 01:21:44.434 [main] BaseClass - Application Initialization started
[INFO ] 2023-10-16 01:21:51.136 [main] BaseClass - Application Initialization completed
[INFO ] 2023-10-16 01:21:51.136 [main] BaseClass - Starting test execution
[INFO ] 2023-10-16 01:26:56.274 [main] BaseClass - Application Initialization started
[INFO ] 2023-10-16 01:27:04.698 [main] BaseClass - Application Initialization completed
[INFO ] 2023-10-16 01:27:04.698 [main] BaseClass - Starting test execution
[INFO ] 2023-10-16 01:30:00.591 [main] BaseClass - Application Initialization started
[INFO ] 2023-10-16 01:30:09.692 [main] BaseClass - Application Initialization completed
[INFO ] 2023-10-16 01:30:09.692 [main] BaseClass - Starting test execution
[INFO ] 2023-10-16 01:31:45.152 [main] BaseClass - Application Initialization started
[INFO ] 2023-10-16 01:31:55.868 [main] BaseClass - Application Initialization completed
[INFO ] 2023-10-16 01:31:55.868 [main] BaseClass - Starting test execution
[INFO ] 2023-10-16 01:35:10.327 [main] BaseClass - Application Initialization started
[INFO ] 2023-10-16 01:35:19.712 [main] BaseClass - Application Initialization completed
[INFO ] 2023-10-16 01:35:19.712 [main] BaseClass - Starting test execution
[INFO ] 2023-10-16 01:40:11.398 [main] BaseClass - Application Initialization started
[INFO ] 2023-10-16 01:40:19.197 [main] BaseClass - Application Initialization completed
[INFO ] 2023-10-16 01:40:19.197 [main] BaseClass - Starting test execution
[INFO ] 2023-10-16 01:42:32.590 [main] BaseClass - Application Initialization started
[INFO ] 2023-10-16 01:42:40.454 [main] BaseClass - Application Initialization completed
[INFO ] 2023-10-16 01:42:40.455 [main] BaseClass - Starting test execution
[INFO ] 2023-10-16 01:44:16.555 [main] BaseClass - Application Initialization started
[INFO ] 2023-10-16 01:44:23.275 [main] BaseClass - Application Initialization completed
[INFO ] 2023-10-16 01:44:23.275 [main] BaseClass - Starting test execution
[INFO ] 2023-10-16 01:45:44.026 [main] BaseClass - Application Initialization started
[INFO ] 2023-10-16 01:45:51.888 [main] BaseClass - Application Initialization completed
[INFO ] 2023-10-16 01:45:51.888 [main] BaseClass - Starting test execution
[INFO ] 2023-10-16 01:47:05.550 [main] BaseClass - Application Initialization started
[INFO ] 2023-10-16 01:47:13.273 [main] BaseClass - Application Initialization completed
[INFO ] 2023-10-16 01:47:13.273 [main] BaseClass - Starting test execution
[INFO ] 2023-10-16 01:47:57.791 [main] BaseClass - Application Initialization started
[INFO ] 2023-10-16 01:48:05.676 [main] BaseClass - Application Initialization completed
[INFO ] 2023-10-16 01:48:05.676 [main] BaseClass - Starting test execution
[INFO ] 2023-10-16 01:51:13.916 [main] BaseClass - Application Initialization started
[INFO ] 2023-10-16 01:51:21.704 [main] BaseClass - Application Initialization completed
[INFO ] 2023-10-16 01:51:21.704 [main] BaseClass - Starting test execution
[INFO ] 2023-10-16 01:54:20.974 [main] BaseClass - Application Initialization started
[INFO ] 2023-10-16 01:54:28.770 [main] BaseClass - Application Initialization completed
[INFO ] 2023-10-16 01:54:28.770 [main] BaseClass - Starting test execution
[INFO ] 2023-10-16 02:00:22.842 [main] BaseClass - Application Initialization started
[INFO ] 2023-10-16 02:00:31.189 [main] BaseClass - Application Initialization completed
[INFO ] 2023-10-16 02:00:31.190 [main] BaseClass - Starting test execution
[INFO ] 2023-10-16 02:01:47.535 [main] BaseClass - Application Initialization started
[INFO ] 2023-10-16 02:01:55.622 [main] BaseClass - Application Initialization completed
[INFO ] 2023-10-16 02:01:55.622 [main] BaseClass - Starting test execution
[INFO ] 2023-10-16 02:02:34.974 [main] BaseClass - Application Initialization started
[INFO ] 2023-10-16 02:02:42.801 [main] BaseClass - Application Initialization completed
[INFO ] 2023-10-16 02:02:42.802 [main] BaseClass - Starting test execution
[INFO ] 2023-10-16 02:07:40.878 [main] BaseClass - Application Initialization started
[INFO ] 2023-10-16 02:07:47.748 [main] BaseClass - Application Initialization completed
[INFO ] 2023-10-16 02:07:47.749 [main] BaseClass - Starting test execution
[INFO ] 2023-10-16 02:10:23.395 [main] BaseClass - Application Initialization started
[INFO ] 2023-10-16 02:10:31.336 [main] BaseClass - Application Initialization completed
[INFO ] 2023-10-16 02:10:31.336 [main] BaseClass - Starting test execution
[INFO ] 2023-10-16 02:16:33.204 [main] BaseClass - Application Initialization started
[INFO ] 2023-10-16 02:16:41.247 [main] BaseClass - Application Initialization completed
[INFO ] 2023-10-16 02:16:41.247 [main] BaseClass - Starting test execution
[INFO ] 2023-10-16 02:34:19.278 [main] BaseClass - Application Initialization started
[INFO ] 2023-10-16 02:34:37.143 [main] BaseClass - Application Initialization started
[INFO ] 2023-10-16 02:34:45.242 [main] BaseClass - Application Initialization completed
[INFO ] 2023-10-16 02:34:45.242 [main] BaseClass - Starting test execution
[INFO ] 2023-10-16 02:35:57.742 [main] BaseClass - Application Initialization started
[INFO ] 2023-10-16 02:36:05.493 [main] BaseClass - Application Initialization completed
[INFO ] 2023-10-16 02:36:05.493 [main] BaseClass - Starting test execution
[INFO ] 2023-10-16 02:39:01.749 [main] BaseClass - Application Initialization started
[INFO ] 2023-10-16 02:39:10.009 [main] BaseClass - Application Initialization completed
[INFO ] 2023-10-16 02:39:10.009 [main] BaseClass - Starting test execution
[INFO ] 2023-10-16 02:41:10.343 [main] BaseClass - Application Initialization started
[INFO ] 2023-10-16 02:41:18.109 [main] BaseClass - Application Initialization completed
[INFO ] 2023-10-16 02:41:18.109 [main] BaseClass - Starting test execution
[INFO ] 2023-10-16 02:42:32.567 [main] BaseClass - Application Initialization started
[INFO ] 2023-10-16 02:42:40.374 [main] BaseClass - Application Initialization completed
[INFO ] 2023-10-16 02:42:40.374 [main] BaseClass - Starting test execution
[INFO ] 2023-10-16 02:45:29.313 [main] BaseClass - Application Initialization started
[INFO ] 2023-10-16 02:45:37.348 [main] BaseClass - Application Initialization completed
[INFO ] 2023-10-16 02:45:37.349 [main] BaseClass - Starting test execution
[INFO ] 2023-10-16 02:52:50.335 [main] BaseClass - Application Initialization started
[INFO ] 2023-10-16 02:52:58.677 [main] BaseClass - Application Initialization completed
[INFO ] 2023-10-16 02:52:58.677 [main] BaseClass - Starting test execution
[INFO ] 2023-10-16 02:56:29.126 [main] BaseClass - Application Initialization started
[INFO ] 2023-10-16 02:56:36.929 [main] BaseClass - Application Initialization completed
[INFO ] 2023-10-16 02:56:36.930 [main] BaseClass - Starting test execution
[INFO ] 2023-10-16 03:03:45.376 [main] BaseClass - Application Initialization started
[INFO ] 2023-10-16 03:03:53.853 [main] BaseClass - Application Initialization completed
[INFO ] 2023-10-16 03:03:53.853 [main] BaseClass - Starting test execution
[INFO ] 2023-10-16 03:06:34.307 [main] BaseClass - Application Initialization started
[INFO ] 2023-10-16 03:06:42.445 [main] BaseClass - Application Initialization completed
[INFO ] 2023-10-16 03:06:42.445 [main] BaseClass - Starting test execution
[INFO ] 2023-10-16 03:24:41.433 [main] BaseClass - Application Initialization started
[INFO ] 2023-10-16 03:24:49.815 [main] BaseClass - Application Initialization completed
[INFO ] 2023-10-16 03:24:49.816 [main] BaseClass - Starting test execution
[INFO ] 2023-10-16 03:25:52.190 [main] BaseClass - Application Initialization started
[INFO ] 2023-10-16 03:26:00.353 [main] BaseClass - Application Initialization completed
[INFO ] 2023-10-16 03:26:00.353 [main] BaseClass - Starting test execution
[INFO ] 2023-10-16 03:30:24.406 [main] BaseClass - Application Initialization started
[INFO ] 2023-10-16 03:30:32.663 [main] BaseClass - Application Initialization completed
[INFO ] 2023-10-16 03:30:32.664 [main] BaseClass - Starting test execution
[INFO ] 2023-10-16 03:32:59.070 [main] BaseClass - Application Initialization started
[INFO ] 2023-10-16 03:33:07.238 [main] BaseClass - Application Initialization completed
[INFO ] 2023-10-16 03:33:07.239 [main] BaseClass - Starting test execution
[INFO ] 2023-10-16 04:12:54.241 [main] BaseClass - Application Initialization started
[INFO ] 2023-10-16 04:13:01.524 [main] BaseClass - Application Initialization completed
[INFO ] 2023-10-16 04:13:01.524 [main] BaseClass - Starting test execution
[INFO ] 2023-10-16 04:15:45.830 [main] BaseClass - Application Initialization started
[INFO ] 2023-10-16 04:15:52.687 [main] BaseClass - Application Initialization completed
[INFO ] 2023-10-16 04:15:52.687 [main] BaseClass - Starting test execution
[INFO ] 2023-10-16 04:19:02.701 [main] BaseClass - Application Initialization started
[INFO ] 2023-10-16 04:19:10.827 [main] BaseClass - Application Initialization completed
[INFO ] 2023-10-16 04:19:10.828 [main] BaseClass - Starting test execution
[INFO ] 2023-10-16 04:20:04.710 [main] BaseClass - Application Initialization started
[INFO ] 2023-10-16 04:20:12.880 [main] BaseClass - Application Initialization completed
[INFO ] 2023-10-16 04:20:12.880 [main] BaseClass - Starting test execution
[INFO ] 2023-10-16 04:22:04.017 [main] BaseClass - Application Initialization started
[INFO ] 2023-10-16 04:22:12.005 [main] BaseClass - Application Initialization completed
[INFO ] 2023-10-16 04:22:12.005 [main] BaseClass - Starting test execution
[INFO ] 2023-10-16 04:26:16.232 [main] BaseClass - Application Initialization started
[INFO ] 2023-10-16 04:26:24.446 [main] BaseClass - Application Initialization completed
[INFO ] 2023-10-16 04:26:24.446 [main] BaseClass - Starting test execution
[INFO ] 2023-10-16 04:30:33.781 [main] BaseClass - Application Initialization started
[INFO ] 2023-10-16 04:30:40.749 [main] BaseClass - Application Initialization completed
[INFO ] 2023-10-16 04:30:40.749 [main] BaseClass - Starting test execution
[INFO ] 2023-10-16 04:36:40.468 [main] BaseClass - Application Initialization started
[INFO ] 2023-10-16 04:36:48.719 [main] BaseClass - Application Initialization completed
[INFO ] 2023-10-16 04:36:48.719 [main] BaseClass - Starting test execution
[INFO ] 2023-10-16 04:38:53.427 [main] BaseClass - Application Initialization started
[INFO ] 2023-10-16 04:39:12.709 [main] BaseClass - Application Initialization completed
[INFO ] 2023-10-16 04:39:12.709 [main] BaseClass - Starting test execution
[INFO ] 2023-10-16 04:42:18.893 [main] BaseClass - Application Initialization started
[INFO ] 2023-10-16 04:42:26.898 [main] BaseClass - Application Initialization completed
[INFO ] 2023-10-16 04:42:26.898 [main] BaseClass - Starting test execution
[INFO ] 2023-10-16 04:44:46.588 [main] BaseClass - Application Initialization started
[INFO ] 2023-10-16 04:44:53.730 [main] BaseClass - Application Initialization completed
[INFO ] 2023-10-16 04:44:53.731 [main] BaseClass - Starting test execution
[INFO ] 2023-10-16 04:46:26.196 [main] BaseClass - Application Initialization started
[INFO ] 2023-10-16 04:46:34.415 [main] BaseClass - Application Initialization completed
[INFO ] 2023-10-16 04:46:34.415 [main] BaseClass - Starting test execution
[INFO ] 2023-10-16 04:47:14.831 [main] BaseClass - Application Initialization started
[INFO ] 2023-10-16 04:47:22.979 [main] BaseClass - Application Initialization completed
[INFO ] 2023-10-16 04:47:22.979 [main] BaseClass - Starting test execution
[INFO ] 2023-10-16 04:50:00.707 [main] BaseClass - Application Initialization started
[INFO ] 2023-10-16 04:50:07.658 [main] BaseClass - Application Initialization completed
[INFO ] 2023-10-16 04:50:07.658 [main] BaseClass - Starting test execution
[INFO ] 2023-10-16 04:51:39.053 [main] BaseClass - Application Initialization started
[INFO ] 2023-10-16 04:51:47.324 [main] BaseClass - Application Initialization completed
[INFO ] 2023-10-16 04:51:47.324 [main] BaseClass - Starting test execution
[INFO ] 2023-10-16 04:52:05.354 [main] BaseClass - Application Initialization started
[INFO ] 2023-10-16 04:52:13.467 [main] BaseClass - Application Initialization completed
[INFO ] 2023-10-16 04:52:13.467 [main] BaseClass - Starting test execution
[INFO ] 2023-10-16 04:54:54.138 [main] BaseClass - Application Initialization started
[INFO ] 2023-10-16 04:55:01.158 [main] BaseClass - Application Initialization completed
[INFO ] 2023-10-16 04:55:01.158 [main] BaseClass - Starting test execution
[INFO ] 2023-10-16 04:56:21.510 [main] BaseClass - Application Initialization started
[INFO ] 2023-10-16 04:56:29.042 [main] BaseClass - Application Initialization completed
[INFO ] 2023-10-16 04:56:29.042 [main] BaseClass - Starting test execution
[INFO ] 2023-10-16 04:58:17.056 [main] BaseClass - Application Initialization started
[INFO ] 2023-10-16 04:58:23.937 [main] BaseClass - Application Initialization completed
[INFO ] 2023-10-16 04:58:23.937 [main] BaseClass - Starting test execution
[INFO ] 2023-10-16 12:58:09.066 [main] BaseClass - Application Initialization started
[INFO ] 2023-10-16 12:58:20.182 [main] BaseClass - Application Initialization completed
[INFO ] 2023-10-16 12:58:20.182 [main] BaseClass - Starting test execution
[INFO ] 2023-10-16 12:59:01.177 [main] BaseClass - Application Initialization started
[INFO ] 2023-10-16 12:59:09.754 [main] BaseClass - Application Initialization completed
[INFO ] 2023-10-16 12:59:09.754 [main] BaseClass - Starting test execution
[INFO ] 2023-10-16 13:14:09.937 [main] BaseClass - Application Initialization started
[INFO ] 2023-10-16 13:14:18.664 [main] BaseClass - Application Initialization completed
[INFO ] 2023-10-16 13:14:18.664 [main] BaseClass - Starting test execution
[INFO ] 2023-10-16 13:16:49.600 [main] BaseClass - Application Initialization started
[INFO ] 2023-10-16 13:16:57.931 [main] BaseClass - Application Initialization completed
[INFO ] 2023-10-16 13:16:57.931 [main] BaseClass - Starting test execution
[INFO ] 2023-10-16 13:17:26.071 [main] BaseClass - Application Initialization started
[INFO ] 2023-10-16 13:17:34.421 [main] BaseClass - Application Initialization completed
[INFO ] 2023-10-16 13:17:34.422 [main] BaseClass - Starting test execution
[INFO ] 2023-10-17 00:22:40.045 [main] BaseClass - Application Initialization started
[INFO ] 2023-10-17 00:22:53.857 [main] BaseClass - Application Initialization completed
[INFO ] 2023-10-17 00:22:53.857 [main] BaseClass - Starting test execution
[INFO ] 2023-10-17 00:59:00.785 [main] BaseClass - Application Initialization started
[INFO ] 2023-10-17 01:11:49.374 [main] BaseClass - Application Initialization started
[INFO ] 2023-10-17 01:11:58.322 [main] BaseClass - Application Initialization completed
[INFO ] 2023-10-17 01:11:58.322 [main] BaseClass - Starting test execution
[INFO ] 2023-10-17 01:13:05.569 [main] BaseClass - Application Initialization started
[INFO ] 2023-10-17 01:13:14.540 [main] BaseClass - Application Initialization completed
[INFO ] 2023-10-17 01:13:14.540 [main] BaseClass - Starting test execution
[INFO ] 2023-10-17 01:13:41.923 [main] BaseClass - Application Initialization started
[INFO ] 2023-10-17 01:13:49.743 [main] BaseClass - Application Initialization completed
[INFO ] 2023-10-17 01:13:49.743 [main] BaseClass - Starting test execution
[INFO ] 2023-10-17 01:16:47.895 [main] BaseClass - Application Initialization started
[INFO ] 2023-10-17 01:16:56.023 [main] BaseClass - Application Initialization completed
[INFO ] 2023-10-17 01:16:56.023 [main] BaseClass - Starting test execution
[INFO ] 2023-10-17 04:09:45.523 [main] BaseClass - Application Initialization started
[INFO ] 2023-10-17 04:09:55.699 [main] BaseClass - Application Initialization completed
[INFO ] 2023-10-17 04:09:55.699 [main] BaseClass - Starting test execution
[INFO ] 2023-10-17 04:10:09.036 [main] BaseClass - Application Initialization started
[INFO ] 2023-10-17 04:10:17.114 [main] BaseClass - Application Initialization completed
[INFO ] 2023-10-17 04:10:17.115 [main] BaseClass - Starting test execution
[INFO ] 2023-10-17 04:11:01.800 [main] BaseClass - Application Initialization started
[INFO ] 2023-10-17 04:11:09.553 [main] BaseClass - Application Initialization completed
[INFO ] 2023-10-17 04:11:09.553 [main] BaseClass - Starting test execution
[INFO ] 2023-10-17 04:14:35.457 [main] BaseClass - Application Initialization started
[INFO ] 2023-10-17 04:14:43.621 [main] BaseClass - Application Initialization completed
[INFO ] 2023-10-17 04:14:43.622 [main] BaseClass - Starting test execution
[INFO ] 2023-10-17 04:15:21.917 [main] BaseClass - Application Initialization started
[INFO ] 2023-10-17 04:15:31.196 [main] BaseClass - Application Initialization completed
[INFO ] 2023-10-17 04:15:31.197 [main] BaseClass - Starting test execution
[INFO ] 2023-10-17 04:16:16.479 [main] BaseClass - Application Initialization started
[INFO ] 2023-10-17 04:16:24.551 [main] BaseClass - Application Initialization completed
[INFO ] 2023-10-17 04:16:24.551 [main] BaseClass - Starting test execution
[INFO ] 2023-10-17 04:17:23.441 [main] BaseClass - Application Initialization started
[INFO ] 2023-10-17 04:17:31.394 [main] BaseClass - Application Initialization completed
[INFO ] 2023-10-17 04:17:31.394 [main] BaseClass - Starting test execution
[INFO ] 2023-10-17 04:24:06.751 [main] BaseClass - Application Initialization started
[INFO ] 2023-10-17 04:24:14.890 [main] BaseClass - Application Initialization completed
[INFO ] 2023-10-17 04:24:14.891 [main] BaseClass - Starting test execution
[INFO ] 2023-10-18 00:00:22.506 [main] BaseClass - Application Initialization started
[INFO ] 2023-10-18 00:02:34.934 [main] BaseClass - Application Initialization started
[INFO ] 2023-10-18 00:03:37.121 [main] BaseClass - Application Initialization started
[INFO ] 2023-10-18 00:12:55.041 [main] BaseClass - Application Initialization started
[INFO ] 2023-10-18 00:13:18.640 [main] BaseClass - Application Initialization started
[INFO ] 2023-10-18 00:15:46.863 [main] BaseClass - Application Initialization started
[INFO ] 2023-10-18 00:15:58.503 [main] BaseClass - Application Initialization completed
[INFO ] 2023-10-18 00:15:58.503 [main] BaseClass - Starting test execution
[INFO ] 2023-10-18 02:11:46.583 [main] BaseClass - Application Initialization started
[INFO ] 2023-10-18 02:11:57.014 [main] BaseClass - Application Initialization completed
[INFO ] 2023-10-18 02:11:57.014 [main] BaseClass - Starting test execution
[INFO ] 2023-10-18 02:25:59.407 [main] BaseClass - Application Initialization started
[INFO ] 2023-10-18 02:26:07.986 [main] BaseClass - Application Initialization completed
[INFO ] 2023-10-18 02:26:07.986 [main] BaseClass - Starting test execution
[INFO ] 2023-10-18 02:42:58.983 [main] BaseClass - Application Initialization started
[INFO ] 2023-10-18 02:43:08.868 [main] BaseClass - Application Initialization completed
[INFO ] 2023-10-18 02:43:08.868 [main] BaseClass - Starting test execution
[INFO ] 2023-10-18 02:43:41.694 [main] BaseClass - Application Initialization started
[INFO ] 2023-10-18 02:43:50.243 [main] BaseClass - Application Initialization completed
[INFO ] 2023-10-18 02:43:50.244 [main] BaseClass - Starting test execution
[INFO ] 2023-10-18 02:46:08.767 [main] BaseClass - Application Initialization started
[INFO ] 2023-10-18 02:46:17.329 [main] BaseClass - Application Initialization completed
[INFO ] 2023-10-18 02:46:17.329 [main] BaseClass - Starting test execution
[INFO ] 2023-10-19 03:19:38.076 [main] BaseClass - Application Initialization started
[INFO ] 2023-10-19 03:19:56.615 [main] BaseClass - Application Initialization completed
[INFO ] 2023-10-19 03:19:56.615 [main] BaseClass - Starting test execution
[INFO ] 2023-10-19 03:22:19.079 [main] BaseClass - Application Initialization started
[INFO ] 2023-10-19 03:22:28.862 [main] BaseClass - Application Initialization completed
[INFO ] 2023-10-19 03:22:28.862 [main] BaseClass - Starting test execution
[INFO ] 2023-10-20 12:22:43.169 [main] BaseClass - Application Initialization started
[INFO ] 2023-10-20 12:22:54.797 [main] BaseClass - Application Initialization completed
[INFO ] 2023-10-20 12:22:54.797 [main] BaseClass - Starting test execution
[INFO ] 2023-11-10 14:33:34.925 [main] BaseClass - Application Initialization started
[INFO ] 2023-11-10 14:33:52.374 [main] BaseClass - Application Initialization completed
[INFO ] 2023-11-10 14:33:52.374 [main] BaseClass - Starting test execution
[INFO ] 2023-11-10 15:35:51.114 [main] BaseClass - Application Initialization started
[INFO ] 2023-11-10 15:36:07.323 [main] BaseClass - Application Initialization completed
[INFO ] 2023-11-10 15:36:07.323 [main] BaseClass - Starting test execution
[INFO ] 2023-11-10 15:38:03.621 [main] BaseClass - Application Initialization started
[INFO ] 2023-11-10 15:38:15.491 [main] BaseClass - Application Initialization completed
[INFO ] 2023-11-10 15:38:15.491 [main] BaseClass - Starting test execution
[INFO ] 2023-11-10 15:39:24.856 [main] BaseClass - Application Initialization started
[INFO ] 2023-11-10 15:39:36.738 [main] BaseClass - Application Initialization completed
[INFO ] 2023-11-10 15:39:36.738 [main] BaseClass - Starting test execution
[INFO ] 2023-11-20 13:48:55.496 [main] BaseClass - Application Initialization started
[INFO ] 2023-11-20 13:49:11.606 [main] BaseClass - Application Initialization completed
[INFO ] 2023-11-20 13:49:11.606 [main] BaseClass - Starting test execution
[INFO ] 2023-11-20 13:50:06.827 [main] BaseClass - Application Initialization started
[INFO ] 2023-11-20 13:50:15.340 [main] BaseClass - Application Initialization completed
[INFO ] 2023-11-20 13:50:15.341 [main] BaseClass - Starting test execution
[INFO ] 2023-11-26 13:18:03.340 [main] BaseClass - Application Initialization started
[INFO ] 2023-11-26 13:18:20.598 [main] BaseClass - Application Initialization completed
[INFO ] 2023-11-26 13:18:20.599 [main] BaseClass - Starting test execution
[INFO ] 2023-11-26 13:20:00.137 [main] BaseClass - Application Initialization started
[INFO ] 2023-11-26 13:20:08.732 [main] BaseClass - Application Initialization completed
[INFO ] 2023-11-26 13:20:08.732 [main] BaseClass - Starting test execution
[INFO ] 2023-11-26 13:23:14.049 [main] BaseClass - Application Initialization started
[INFO ] 2023-11-26 13:23:22.665 [main] BaseClass - Application Initialization completed
[INFO ] 2023-11-26 13:23:22.665 [main] BaseClass - Starting test execution
[INFO ] 2023-11-26 13:28:48.373 [main] BaseClass - Application Initialization started
[INFO ] 2023-11-26 13:28:57.665 [main] BaseClass - Application Initialization completed
[INFO ] 2023-11-26 13:28:57.665 [main] BaseClass - Starting test execution
[INFO ] 2023-11-26 14:10:30.861 [main] BaseClass - Application Initialization started
[INFO ] 2023-11-26 14:10:39.561 [main] BaseClass - Application Initialization completed
[INFO ] 2023-11-26 14:10:39.561 [main] BaseClass - Starting test execution
[INFO ] 2023-11-26 14:11:00.654 [main] BaseClass - Application Initialization started
[INFO ] 2023-11-26 14:11:09.292 [main] BaseClass - Application Initialization completed
[INFO ] 2023-11-26 14:11:09.292 [main] BaseClass - Starting test execution
[INFO ] 2023-11-26 14:12:04.278 [main] BaseClass - Application Initialization started
[INFO ] 2023-11-26 14:12:12.765 [main] BaseClass - Application Initialization completed
[INFO ] 2023-11-26 14:12:12.765 [main] BaseClass - Starting test execution
[INFO ] 2023-11-26 14:14:53.906 [main] BaseClass - Application Initialization started
[INFO ] 2023-11-26 14:15:02.270 [main] BaseClass - Application Initialization completed
[INFO ] 2023-11-26 14:15:02.270 [main] BaseClass - Starting test execution
[INFO ] 2023-11-26 14:27:18.424 [main] BaseClass - Application Initialization started
[INFO ] 2023-11-26 14:27:27.262 [main] BaseClass - Application Initialization completed
[INFO ] 2023-11-26 14:27:27.262 [main] BaseClass - Starting test execution
[INFO ] 2023-11-26 14:42:01.046 [main] BaseClass - Application Initialization started
[INFO ] 2023-11-26 14:42:10.005 [main] BaseClass - Application Initialization completed
[INFO ] 2023-11-26 14:42:10.005 [main] BaseClass - Starting test execution
[INFO ] 2023-11-26 14:45:22.851 [main] BaseClass - Application Initialization started
[INFO ] 2023-11-26 14:45:31.751 [main] BaseClass - Application Initialization completed
[INFO ] 2023-11-26 14:45:31.751 [main] BaseClass - Starting test execution
[INFO ] 2023-11-26 14:52:51.550 [main] BaseClass - Application Initialization started
[INFO ] 2023-11-26 14:53:00.443 [main] BaseClass - Application Initialization completed
[INFO ] 2023-11-26 14:53:00.443 [main] BaseClass - Starting test execution
[INFO ] 2023-11-26 14:56:56.619 [main] BaseClass - Application Initialization started
[INFO ] 2023-11-26 14:57:05.353 [main] BaseClass - Application Initialization completed
[INFO ] 2023-11-26 14:57:05.354 [main] BaseClass - Starting test execution
[INFO ] 2023-11-26 14:58:59.175 [main] BaseClass - Application Initialization started
[INFO ] 2023-11-26 14:59:08.146 [main] BaseClass - Application Initialization completed
[INFO ] 2023-11-26 14:59:08.146 [main] BaseClass - Starting test execution
[INFO ] 2023-11-26 15:04:32.954 [main] BaseClass - Application Initialization started
[INFO ] 2023-11-26 15:04:42.929 [main] BaseClass - Application Initialization completed
[INFO ] 2023-11-26 15:04:42.929 [main] BaseClass - Starting test execution
[INFO ] 2023-11-26 15:07:42.840 [main] BaseClass - Application Initialization started
[INFO ] 2023-11-26 15:07:51.921 [main] BaseClass - Application Initialization completed
[INFO ] 2023-11-26 15:07:51.922 [main] BaseClass - Starting test execution
[INFO ] 2023-11-26 15:08:06.213 [main] BaseClass - Application Initialization started
[INFO ] 2023-11-26 15:08:16.784 [main] BaseClass - Application Initialization completed
[INFO ] 2023-11-26 15:08:16.785 [main] BaseClass - Starting test execution
[INFO ] 2023-11-26 15:15:09.514 [main] BaseClass - Application Initialization started
[INFO ] 2023-11-26 15:15:18.243 [main] BaseClass - Application Initialization completed
[INFO ] 2023-11-26 15:15:18.243 [main] BaseClass - Starting test execution
[INFO ] 2023-11-26 15:22:55.438 [main] BaseClass - Application Initialization started
[INFO ] 2023-11-26 15:23:04.645 [main] BaseClass - Application Initialization completed
[INFO ] 2023-11-26 15:23:04.645 [main] BaseClass - Starting test execution
[INFO ] 2023-11-26 15:27:25.219 [main] BaseClass - Application Initialization started
[INFO ] 2023-11-26 15:27:34.148 [main] BaseClass - Application Initialization completed
[INFO ] 2023-11-26 15:27:34.149 [main] BaseClass - Starting test execution
[INFO ] 2023-11-26 15:29:32.706 [main] BaseClass - Application Initialization started
[INFO ] 2023-11-26 15:29:41.582 [main] BaseClass - Application Initialization completed
[INFO ] 2023-11-26 15:29:41.583 [main] BaseClass - Starting test execution
[INFO ] 2023-11-26 15:32:14.215 [main] BaseClass - Application Initialization started
[INFO ] 2023-11-26 15:32:23.504 [main] BaseClass - Application Initialization completed
[INFO ] 2023-11-26 15:32:23.504 [main] BaseClass - Starting test execution
[INFO ] 2023-11-26 15:33:00.738 [main] BaseClass - Application Initialization started
[INFO ] 2023-11-26 15:33:09.641 [main] BaseClass - Application Initialization completed
[INFO ] 2023-11-26 15:33:09.641 [main] BaseClass - Starting test execution
[INFO ] 2023-11-26 15:35:10.267 [main] BaseClass - Application Initialization started
[INFO ] 2023-11-26 15:35:19.018 [main] BaseClass - Application Initialization completed
[INFO ] 2023-11-26 15:35:19.018 [main] BaseClass - Starting test execution
[INFO ] 2023-11-26 15:40:51.468 [main] BaseClass - Application Initialization started
[INFO ] 2023-11-26 15:40:59.199 [main] BaseClass - Application Initialization completed
[INFO ] 2023-11-26 15:40:59.200 [main] BaseClass - Starting test execution
[INFO ] 2023-11-26 15:41:47.120 [main] BaseClass - Application Initialization started
[INFO ] 2023-11-26 15:41:56.022 [main] BaseClass - Application Initialization completed
[INFO ] 2023-11-26 15:41:56.022 [main] BaseClass - Starting test execution
[INFO ] 2023-11-26 15:43:04.918 [main] BaseClass - Application Initialization started
[INFO ] 2023-11-26 15:43:13.461 [main] BaseClass - Application Initialization completed
[INFO ] 2023-11-26 15:43:13.461 [main] BaseClass - Starting test execution
[INFO ] 2023-11-26 18:58:13.599 [main] BaseClass - Application Initialization started
[INFO ] 2023-11-26 18:58:37.014 [main] BaseClass - Application Initialization completed
[INFO ] 2023-11-26 18:58:37.014 [main] BaseClass - Starting test execution
[INFO ] 2023-11-26 18:59:08.836 [main] BaseClass - Application Initialization started
[INFO ] 2023-11-26 18:59:26.295 [main] BaseClass - Application Initialization completed
[INFO ] 2023-11-26 18:59:26.295 [main] BaseClass - Starting test execution
[INFO ] 2023-11-26 19:03:14.953 [main] BaseClass - Application Initialization started
[INFO ] 2023-11-26 19:03:31.589 [main] BaseClass - Application Initialization completed
[INFO ] 2023-11-26 19:03:31.589 [main] BaseClass - Starting test execution
[INFO ] 2023-11-26 19:04:24.860 [main] BaseClass - Application Initialization started
[INFO ] 2023-11-26 19:04:42.765 [main] BaseClass - Application Initialization completed
[INFO ] 2023-11-26 19:04:42.766 [main] BaseClass - Starting test execution
[INFO ] 2023-11-26 19:06:05.695 [main] BaseClass - Application Initialization started
[INFO ] 2023-11-26 19:06:22.523 [main] BaseClass - Application Initialization completed
[INFO ] 2023-11-26 19:06:22.524 [main] BaseClass - Starting test execution
[INFO ] 2023-11-26 19:06:45.850 [main] BaseClass - Application Initialization started
[INFO ] 2023-11-26 19:07:05.594 [main] BaseClass - Application Initialization completed
[INFO ] 2023-11-26 19:07:05.594 [main] BaseClass - Starting test execution
[INFO ] 2023-11-26 19:07:57.553 [main] BaseClass - Application Initialization started
[INFO ] 2023-11-26 19:08:14.648 [main] BaseClass - Application Initialization completed
[INFO ] 2023-11-26 19:08:14.649 [main] BaseClass - Starting test execution
[INFO ] 2023-11-26 19:08:53.465 [main] BaseClass - Application Initialization started
[INFO ] 2023-11-26 19:09:10.888 [main] BaseClass - Application Initialization started
[INFO ] 2023-11-26 19:09:12.302 [main] BaseClass - Application Initialization completed
[INFO ] 2023-11-26 19:09:12.303 [main] BaseClass - Starting test execution
[INFO ] 2023-11-26 19:09:34.955 [main] BaseClass - Application Initialization completed
[INFO ] 2023-11-26 19:09:34.957 [main] BaseClass - Starting test execution
[INFO ] 2023-11-26 19:11:26.428 [main] BaseClass - Application Initialization started
[INFO ] 2023-11-26 19:11:45.763 [main] BaseClass - Application Initialization completed
[INFO ] 2023-11-26 19:11:45.763 [main] BaseClass - Starting test execution
[INFO ] 2023-11-26 19:13:29.962 [main] BaseClass - Application Initialization started
[INFO ] 2023-11-26 19:13:46.573 [main] BaseClass - Application Initialization completed
[INFO ] 2023-11-26 19:13:46.574 [main] BaseClass - Starting test execution
[INFO ] 2023-11-26 19:14:52.896 [main] BaseClass - Application Initialization started
[INFO ] 2023-11-26 19:15:12.112 [main] BaseClass - Application Initialization completed
[INFO ] 2023-11-26 19:15:12.112 [main] BaseClass - Starting test execution
[INFO ] 2023-11-26 19:15:23.647 [main] BaseClass - Application Initialization started
[INFO ] 2023-11-26 19:15:40.320 [main] BaseClass - Application Initialization completed
[INFO ] 2023-11-26 19:15:40.321 [main] BaseClass - Starting test execution
[INFO ] 2023-11-26 19:17:45.410 [main] BaseClass - Application Initialization started
[INFO ] 2023-11-26 19:18:03.357 [main] BaseClass - Application Initialization completed
[INFO ] 2023-11-26 19:18:03.358 [main] BaseClass - Starting test execution
[INFO ] 2023-11-26 19:22:36.544 [main] BaseClass - Application Initialization started
[INFO ] 2023-11-26 19:22:56.563 [main] BaseClass - Application Initialization completed
[INFO ] 2023-11-26 19:22:56.564 [main] BaseClass - Starting test execution
[INFO ] 2023-11-26 19:22:59.202 [main] BaseClass - Application Initialization started
[INFO ] 2023-11-26 19:23:16.729 [main] BaseClass - Application Initialization completed
[INFO ] 2023-11-26 19:23:16.730 [main] BaseClass - Starting test execution
[INFO ] 2023-11-26 19:23:18.350 [main] BaseClass - Application Initialization started
[INFO ] 2023-11-26 19:23:50.800 [main] BaseClass - Application Initialization started
[INFO ] 2023-11-26 19:24:08.714 [main] BaseClass - Application Initialization completed
[INFO ] 2023-11-26 19:24:08.714 [main] BaseClass - Starting test execution
[INFO ] 2023-11-26 19:24:10.433 [main] BaseClass - Application Initialization started
[INFO ] 2023-11-26 19:24:26.084 [main] BaseClass - Application Initialization completed
[INFO ] 2023-11-26 19:24:26.085 [main] BaseClass - Starting test execution
[INFO ] 2023-11-26 19:24:27.655 [main] BaseClass - Application Initialization started
[INFO ] 2023-11-26 19:26:37.708 [main] BaseClass - Application Initialization started
[INFO ] 2023-11-26 19:26:56.037 [main] BaseClass - Application Initialization completed
[INFO ] 2023-11-26 19:26:56.038 [main] BaseClass - Starting test execution
[INFO ] 2023-11-26 19:27:50.401 [main] BaseClass - Application Initialization started
[INFO ] 2023-11-26 19:28:08.516 [main] BaseClass - Application Initialization completed
[INFO ] 2023-11-26 19:28:08.516 [main] BaseClass - Starting test execution
[INFO ] 2023-11-26 19:28:10.806 [main] BaseClass - Application Initialization started
[INFO ] 2023-11-26 19:28:25.610 [main] BaseClass - Application Initialization completed
[INFO ] 2023-11-26 19:28:25.611 [main] BaseClass - Starting test execution
[INFO ] 2023-11-26 19:31:27.381 [main] BaseClass - Application Initialization started
[INFO ] 2023-11-26 19:31:47.527 [main] BaseClass - Application Initialization completed
[INFO ] 2023-11-26 19:31:47.527 [main] BaseClass - Starting test execution
[INFO ] 2023-11-26 19:35:14.000 [main] BaseClass - Application Initialization started
[INFO ] 2023-11-26 19:35:33.101 [main] BaseClass - Application Initialization completed
[INFO ] 2023-11-26 19:35:33.101 [main] BaseClass - Starting test execution
[INFO ] 2023-11-26 19:36:17.679 [main] BaseClass - Application Initialization started
[INFO ] 2023-11-26 19:36:36.872 [main] BaseClass - Application Initialization completed
[INFO ] 2023-11-26 19:36:36.872 [main] BaseClass - Starting test execution
[INFO ] 2023-11-26 19:38:48.783 [main] BaseClass - Application Initialization started
[INFO ] 2023-11-26 19:39:07.208 [main] BaseClass - Application Initialization completed
[INFO ] 2023-11-26 19:39:07.209 [main] BaseClass - Starting test execution
[INFO ] 2023-11-26 19:39:22.406 [main] BaseClass - Application Initialization started
[INFO ] 2023-11-26 19:39:39.742 [main] BaseClass - Application Initialization completed
[INFO ] 2023-11-26 19:39:39.742 [main] BaseClass - Starting test execution
[INFO ] 2023-11-26 19:39:42.507 [main] BaseClass - Application Initialization started
[INFO ] 2023-11-26 19:39:59.746 [main] BaseClass - Application Initialization completed
[INFO ] 2023-11-26 19:39:59.747 [main] BaseClass - Starting test execution
[INFO ] 2023-11-26 19:40:34.987 [main] BaseClass - Application Initialization started
[INFO ] 2023-11-26 19:40:51.851 [main] BaseClass - Application Initialization completed
[INFO ] 2023-11-26 19:40:51.852 [main] BaseClass - Starting test execution
[INFO ] 2023-11-26 19:41:13.944 [main] BaseClass - Application Initialization started
[INFO ] 2023-11-26 19:41:30.918 [main] BaseClass - Application Initialization completed
[INFO ] 2023-11-26 19:41:30.919 [main] BaseClass - Starting test execution
[INFO ] 2023-11-26 19:42:45.964 [main] BaseClass - Application Initialization started
[INFO ] 2023-11-26 19:42:54.726 [main] BaseClass - Application Initialization completed
[INFO ] 2023-11-26 19:42:54.726 [main] BaseClass - Starting test execution
[INFO ] 2023-11-26 19:43:41.396 [main] BaseClass - Application Initialization started
[INFO ] 2023-11-26 19:43:51.324 [main] BaseClass - Application Initialization completed
[INFO ] 2023-11-26 19:43:51.325 [main] BaseClass - Starting test execution
[INFO ] 2023-11-26 19:44:01.940 [main] BaseClass - Application Initialization started
[INFO ] 2023-11-26 19:44:11.111 [main] BaseClass - Application Initialization completed
[INFO ] 2023-11-26 19:44:11.112 [main] BaseClass - Starting test execution
[INFO ] 2023-11-26 19:44:12.473 [main] BaseClass - Application Initialization started
[INFO ] 2023-11-26 19:44:21.796 [main] BaseClass - Application Initialization completed
[INFO ] 2023-11-26 19:44:21.797 [main] BaseClass - Starting test execution
[INFO ] 2023-11-26 19:44:41.357 [main] BaseClass - Application Initialization started
[INFO ] 2023-11-26 19:44:49.687 [main] BaseClass - Application Initialization completed
[INFO ] 2023-11-26 19:44:49.687 [main] BaseClass - Starting test execution
[INFO ] 2023-11-26 19:45:32.809 [main] BaseClass - Application Initialization started
[INFO ] 2023-11-26 19:45:40.660 [main] BaseClass - Application Initialization completed
[INFO ] 2023-11-26 19:45:40.660 [main] BaseClass - Starting test execution
[INFO ] 2023-11-26 19:46:30.737 [main] BaseClass - Application Initialization started
[INFO ] 2023-11-26 19:46:39.538 [main] BaseClass - Application Initialization completed
[INFO ] 2023-11-26 19:46:39.538 [main] BaseClass - Starting test execution
[INFO ] 2023-11-26 19:46:51.105 [main] BaseClass - Application Initialization started
[INFO ] 2023-11-26 19:47:00.582 [main] BaseClass - Application Initialization completed
[INFO ] 2023-11-26 19:47:00.582 [main] BaseClass - Starting test execution
[INFO ] 2023-11-26 19:47:02.621 [main] BaseClass - Application Initialization started
[INFO ] 2023-11-26 19:47:13.430 [main] BaseClass - Application Initialization completed
[INFO ] 2023-11-26 19:47:13.430 [main] BaseClass - Starting test execution
[INFO ] 2023-11-26 19:47:24.470 [main] BaseClass - Application Initialization started
[INFO ] 2023-11-26 19:47:36.292 [main] BaseClass - Application Initialization completed
[INFO ] 2023-11-26 19:47:36.293 [main] BaseClass - Starting test execution
[INFO ] 2023-11-26 19:47:48.001 [main] BaseClass - Application Initialization started
[INFO ] 2023-11-26 19:47:58.408 [main] BaseClass - Application Initialization completed
[INFO ] 2023-11-26 19:47:58.408 [main] BaseClass - Starting test execution
[INFO ] 2023-11-26 19:48:00.567 [main] BaseClass - Application Initialization started
[INFO ] 2023-11-26 19:48:11.484 [main] BaseClass - Application Initialization completed
[INFO ] 2023-11-26 19:48:11.484 [main] BaseClass - Starting test execution
[INFO ] 2023-11-26 19:51:14.557 [main] BaseClass - Application Initialization started
[INFO ] 2023-11-26 19:51:23.459 [main] BaseClass - Application Initialization completed
[INFO ] 2023-11-26 19:51:23.459 [main] BaseClass - Starting test execution
[INFO ] 2023-11-26 19:51:34.492 [main] BaseClass - Application Initialization started
[INFO ] 2023-11-26 19:51:44.631 [main] BaseClass - Application Initialization completed
[INFO ] 2023-11-26 19:51:44.631 [main] BaseClass - Starting test execution
[INFO ] 2023-11-26 19:51:46.675 [main] BaseClass - Application Initialization started
[INFO ] 2023-11-26 19:51:57.359 [main] BaseClass - Application Initialization completed
[INFO ] 2023-11-26 19:51:57.359 [main] BaseClass - Starting test execution
[INFO ] 2023-11-26 19:52:18.675 [main] BaseClass - Application Initialization started
[INFO ] 2023-11-26 19:52:29.159 [main] BaseClass - Application Initialization completed
[INFO ] 2023-11-26 19:52:29.160 [main] BaseClass - Starting test execution
[INFO ] 2023-11-26 19:52:52.942 [main] BaseClass - Application Initialization started
[INFO ] 2023-11-26 19:53:03.336 [main] BaseClass - Application Initialization completed
[INFO ] 2023-11-26 19:53:03.337 [main] BaseClass - Starting test execution
[INFO ] 2023-11-26 19:55:32.078 [main] BaseClass - Application Initialization started
[INFO ] 2023-11-26 19:55:41.412 [main] BaseClass - Application Initialization completed
[INFO ] 2023-11-26 19:55:41.412 [main] BaseClass - Starting test execution
[INFO ] 2023-11-26 19:56:03.217 [main] BaseClass - Application Initialization started
[INFO ] 2023-11-26 19:56:13.656 [main] BaseClass - Application Initialization completed
[INFO ] 2023-11-26 19:56:13.656 [main] BaseClass - Starting test execution
[INFO ] 2023-11-26 20:30:59.562 [main] BaseClass - Application Initialization started
[INFO ] 2023-11-26 20:31:11.671 [main] BaseClass - Application Initialization completed
[INFO ] 2023-11-26 20:31:11.671 [main] BaseClass - Starting test execution
[INFO ] 2023-11-26 20:32:03.699 [main] BaseClass - Application Initialization started
[INFO ] 2023-11-26 20:32:12.737 [main] BaseClass - Application Initialization completed
[INFO ] 2023-11-26 20:32:12.737 [main] BaseClass - Starting test execution
[INFO ] 2023-11-26 20:32:45.502 [main] BaseClass - Application Initialization started
[INFO ] 2023-11-26 20:42:30.984 [main] BaseClass - Application Initialization started
[INFO ] 2023-11-26 20:42:41.610 [main] BaseClass - Application Initialization completed
[INFO ] 2023-11-26 20:42:41.611 [main] BaseClass - Starting test execution
[INFO ] 2023-11-26 20:47:58.214 [main] BaseClass - Application Initialization started
[INFO ] 2023-11-26 20:48:10.705 [main] BaseClass - Application Initialization completed
[INFO ] 2023-11-26 20:48:10.705 [main] BaseClass - Starting test execution
[INFO ] 2023-11-27 00:33:47.372 [main] BaseClass - Application Initialization started
[INFO ] 2023-11-27 00:34:07.410 [main] BaseClass - Application Initialization completed
[INFO ] 2023-11-27 00:34:07.410 [main] BaseClass - Starting test execution
[INFO ] 2023-11-27 00:36:49.518 [main] BaseClass - Application Initialization started
[INFO ] 2023-11-27 00:37:00.221 [main] BaseClass - Application Initialization completed
[INFO ] 2023-11-27 00:37:00.222 [main] BaseClass - Starting test execution
[INFO ] 2023-11-27 00:39:58.902 [main] BaseClass - Application Initialization started
[INFO ] 2023-11-27 00:40:08.122 [main] BaseClass - Application Initialization completed
[INFO ] 2023-11-27 00:40:08.123 [main] BaseClass - Starting test execution
[INFO ] 2023-11-27 00:49:25.891 [main] BaseClass - Application Initialization started
[INFO ] 2023-11-27 00:49:39.249 [main] BaseClass - Application Initialization completed
[INFO ] 2023-11-27 00:49:39.249 [main] BaseClass - Starting test execution
[INFO ] 2023-11-27 00:50:24.467 [main] BaseClass - Application Initialization started
[INFO ] 2023-11-27 00:50:34.226 [main] BaseClass - Application Initialization completed
[INFO ] 2023-11-27 00:50:34.226 [main] BaseClass - Starting test execution
[INFO ] 2023-11-27 00:54:23.328 [main] BaseClass - Application Initialization started
[INFO ] 2023-11-27 00:54:33.581 [main] BaseClass - Application Initialization completed
[INFO ] 2023-11-27 00:54:33.581 [main] BaseClass - Starting test execution
[INFO ] 2023-11-27 11:27:18.785 [main] BaseClass - Application Initialization started
[INFO ] 2023-11-27 11:27:36.658 [main] BaseClass - Application Initialization completed
[INFO ] 2023-11-27 11:27:36.659 [main] BaseClass - Starting test execution
[INFO ] 2023-11-27 11:27:54.005 [main] BaseClass - Application Initialization started
[INFO ] 2023-11-27 11:28:07.835 [main] BaseClass - Application Initialization completed
[INFO ] 2023-11-27 11:28:07.835 [main] BaseClass - Starting test execution
[INFO ] 2023-11-27 11:28:08.868 [main] BaseClass - Application Initialization started
[INFO ] 2023-11-27 11:28:19.415 [main] BaseClass - Application Initialization completed
[INFO ] 2023-11-27 11:28:19.415 [main] BaseClass - Starting test execution
[INFO ] 2023-11-27 11:28:33.824 [main] BaseClass - Application Initialization started
[INFO ] 2023-11-27 11:28:44.851 [main] BaseClass - Application Initialization completed
[INFO ] 2023-11-27 11:28:44.852 [main] BaseClass - Starting test execution
[INFO ] 2023-11-27 11:29:43.014 [main] BaseClass - Application Initialization started
[INFO ] 2023-11-27 11:29:52.284 [main] BaseClass - Application Initialization completed
[INFO ] 2023-11-27 11:29:52.284 [main] BaseClass - Starting test execution
[INFO ] 2023-11-27 11:30:04.669 [main] BaseClass - Application Initialization started
[INFO ] 2023-11-27 11:30:17.238 [main] BaseClass - Application Initialization completed
[INFO ] 2023-11-27 11:30:17.238 [main] BaseClass - Starting test execution
[INFO ] 2023-11-27 11:30:19.563 [main] BaseClass - Application Initialization started
[INFO ] 2023-11-27 11:30:32.223 [main] BaseClass - Application Initialization completed
[INFO ] 2023-11-27 11:30:32.223 [main] BaseClass - Starting test execution
[INFO ] 2023-11-27 11:30:53.863 [main] BaseClass - Application Initialization started
[INFO ] 2023-11-27 11:31:05.388 [main] BaseClass - Application Initialization completed
[INFO ] 2023-11-27 11:31:05.389 [main] BaseClass - Starting test execution
[INFO ] 2023-11-27 11:31:20.910 [main] BaseClass - Application Initialization started
[INFO ] 2023-11-27 11:31:30.875 [main] BaseClass - Application Initialization completed
[INFO ] 2023-11-27 11:31:30.876 [main] BaseClass - Starting test execution
[INFO ] 2023-11-27 11:33:03.181 [main] BaseClass - Application Initialization started
[INFO ] 2023-11-27 11:33:13.185 [main] BaseClass - Application Initialization completed
[INFO ] 2023-11-27 11:33:13.185 [main] BaseClass - Starting test execution
[INFO ] 2023-11-27 11:33:30.214 [main] BaseClass - Application Initialization started
[INFO ] 2023-11-27 11:33:42.673 [main] BaseClass - Application Initialization completed
[INFO ] 2023-11-27 11:33:42.673 [main] BaseClass - Starting test execution
[INFO ] 2023-11-27 11:39:41.269 [main] BaseClass - Application Initialization started
[INFO ] 2023-11-27 11:39:51.941 [main] BaseClass - Application Initialization completed
[INFO ] 2023-11-27 11:39:51.942 [main] BaseClass - Starting test execution
[INFO ] 2023-11-27 11:40:42.116 [main] BaseClass - Application Initialization started
[INFO ] 2023-11-27 11:40:56.185 [main] BaseClass - Application Initialization completed
[INFO ] 2023-11-27 11:40:56.186 [main] BaseClass - Starting test execution
[INFO ] 2023-11-27 11:42:31.469 [main] BaseClass - Application Initialization started
[INFO ] 2023-11-27 11:42:45.414 [main] BaseClass - Application Initialization completed
[INFO ] 2023-11-27 11:42:45.415 [main] BaseClass - Starting test execution
[INFO ] 2023-11-27 11:45:35.273 [main] BaseClass - Application Initialization started
[INFO ] 2023-11-27 11:45:47.573 [main] BaseClass - Application Initialization completed
[INFO ] 2023-11-27 11:45:47.573 [main] BaseClass - Starting test execution
[INFO ] 2023-11-27 11:51:17.423 [main] BaseClass - Application Initialization started
[INFO ] 2023-11-27 11:51:29.520 [main] BaseClass - Application Initialization completed
[INFO ] 2023-11-27 11:51:29.520 [main] BaseClass - Starting test execution
[INFO ] 2023-11-27 11:52:40.010 [main] BaseClass - Application Initialization started
[INFO ] 2023-11-27 11:53:35.261 [main] BaseClass - Application Initialization started
[INFO ] 2023-11-27 11:53:47.044 [main] BaseClass - Application Initialization completed
[INFO ] 2023-11-27 11:53:47.044 [main] BaseClass - Starting test execution
[INFO ] 2023-11-27 11:55:00.081 [main] BaseClass - Application Initialization started
[INFO ] 2023-11-27 11:55:10.585 [main] BaseClass - Application Initialization completed
[INFO ] 2023-11-27 11:55:10.585 [main] BaseClass - Starting test execution
[INFO ] 2023-11-27 11:56:45.062 [main] BaseClass - Application Initialization started
[INFO ] 2023-11-27 11:56:55.822 [main] BaseClass - Application Initialization completed
[INFO ] 2023-11-27 11:56:55.822 [main] BaseClass - Starting test execution
[INFO ] 2023-11-27 11:58:23.024 [main] BaseClass - Application Initialization started
[INFO ] 2023-11-27 11:58:35.725 [main] BaseClass - Application Initialization completed
[INFO ] 2023-11-27 11:58:35.726 [main] BaseClass - Starting test execution
[INFO ] 2023-11-27 11:59:29.150 [main] BaseClass - Application Initialization started
[INFO ] 2023-11-27 11:59:42.296 [main] BaseClass - Application Initialization completed
[INFO ] 2023-11-27 11:59:42.296 [main] BaseClass - Starting test execution
[INFO ] 2023-11-27 16:38:04.151 [main] BaseClass - Application Initialization started
[INFO ] 2023-11-27 16:38:24.055 [main] BaseClass - Application Initialization completed
[INFO ] 2023-11-27 16:38:24.056 [main] BaseClass - Starting test execution
[INFO ] 2023-11-27 16:38:39.417 [main] BaseClass - Application Initialization started
[INFO ] 2023-11-27 16:38:53.089 [main] BaseClass - Application Initialization completed
[INFO ] 2023-11-27 16:38:53.090 [main] BaseClass - Starting test execution
[INFO ] 2023-11-27 16:38:55.714 [main] BaseClass - Application Initialization started
[INFO ] 2023-11-27 16:39:08.998 [main] BaseClass - Application Initialization completed
[INFO ] 2023-11-27 16:39:08.999 [main] BaseClass - Starting test execution
[INFO ] 2023-11-27 16:39:34.097 [main] BaseClass - Application Initialization started
[INFO ] 2023-11-27 16:39:46.805 [main] BaseClass - Application Initialization completed
[INFO ] 2023-11-27 16:39:46.805 [main] BaseClass - Starting test execution
[INFO ] 2023-11-27 16:40:11.030 [main] BaseClass - Application Initialization started
[INFO ] 2023-11-27 16:40:23.128 [main] BaseClass - Application Initialization completed
[INFO ] 2023-11-27 16:40:23.128 [main] BaseClass - Starting test execution
[INFO ] 2023-11-28 15:28:58.575 [main] BaseClass - Application Initialization started
[INFO ] 2023-11-28 15:29:41.220 [main] BaseClass - Application Initialization completed
[INFO ] 2023-11-28 15:29:41.220 [main] BaseClass - Starting test execution
[INFO ] 2023-12-01 01:47:32.199 [main] BaseClass - Application Initialization started
[INFO ] 2023-12-01 01:48:07.670 [main] BaseClass - Application Initialization completed
[INFO ] 2023-12-01 01:48:07.670 [main] BaseClass - Starting test execution
[INFO ] 2023-12-01 02:18:13.251 [main] BaseClass - Application Initialization started
[INFO ] 2023-12-01 02:18:22.478 [main] BaseClass - Application Initialization completed
[INFO ] 2023-12-01 02:18:22.478 [main] BaseClass - Starting test execution
[INFO ] 2023-12-01 02:21:43.862 [main] BaseClass - Application Initialization started
[INFO ] 2023-12-01 02:21:51.169 [main] BaseClass - Application Initialization completed
[INFO ] 2023-12-01 02:21:51.169 [main] BaseClass - Starting test execution
[INFO ] 2023-12-01 02:31:16.578 [main] BaseClass - Application Initialization started
[INFO ] 2023-12-01 02:31:24.285 [main] BaseClass - Application Initialization completed
[INFO ] 2023-12-01 02:31:24.285 [main] BaseClass - Starting test execution
[INFO ] 2023-12-01 02:38:41.854 [main] BaseClass - Application Initialization started
[INFO ] 2023-12-01 02:38:49.117 [main] BaseClass - Application Initialization completed
[INFO ] 2023-12-01 02:38:49.117 [main] BaseClass - Starting test execution
[INFO ] 2023-12-01 02:58:59.842 [main] BaseClass - Application Initialization started
[INFO ] 2023-12-01 02:59:09.013 [main] BaseClass - Application Initialization completed
[INFO ] 2023-12-01 02:59:09.013 [main] BaseClass - Starting test execution
[INFO ] 2023-12-01 03:02:41.606 [main] BaseClass - Application Initialization started
[INFO ] 2023-12-01 03:02:50.233 [main] BaseClass - Application Initialization completed
[INFO ] 2023-12-01 03:02:50.233 [main] BaseClass - Starting test execution
[INFO ] 2023-12-01 03:03:13.548 [main] BaseClass - Application Initialization started
[INFO ] 2023-12-01 03:03:24.189 [main] BaseClass - Application Initialization completed
[INFO ] 2023-12-01 03:03:24.189 [main] BaseClass - Starting test execution
[INFO ] 2023-12-01 03:06:01.107 [main] BaseClass - Application Initialization started
[INFO ] 2023-12-01 03:06:08.340 [main] BaseClass - Application Initialization completed
[INFO ] 2023-12-01 03:06:08.340 [main] BaseClass - Starting test execution
[INFO ] 2023-12-01 03:06:48.330 [main] BaseClass - Application Initialization started
[INFO ] 2023-12-01 03:06:56.898 [main] BaseClass - Application Initialization completed
[INFO ] 2023-12-01 03:06:56.898 [main] BaseClass - Starting test execution
[INFO ] 2023-12-01 03:15:52.496 [main] BaseClass - Application Initialization started
[INFO ] 2023-12-01 03:16:00.125 [main] BaseClass - Application Initialization completed
[INFO ] 2023-12-01 03:16:00.126 [main] BaseClass - Starting test execution
[INFO ] 2023-12-01 03:18:57.215 [main] BaseClass - Application Initialization started
[INFO ] 2023-12-01 03:19:04.594 [main] BaseClass - Application Initialization completed
[INFO ] 2023-12-01 03:19:04.594 [main] BaseClass - Starting test execution
[INFO ] 2023-12-01 03:26:25.713 [main] BaseClass - Application Initialization started
[INFO ] 2023-12-01 03:26:33.396 [main] BaseClass - Application Initialization completed
[INFO ] 2023-12-01 03:26:33.397 [main] BaseClass - Starting test execution
[INFO ] 2023-12-01 03:42:34.242 [main] BaseClass - Application Initialization started
[INFO ] 2023-12-01 03:42:41.912 [main] BaseClass - Application Initialization completed
[INFO ] 2023-12-01 03:42:41.912 [main] BaseClass - Starting test execution
[INFO ] 2023-12-01 03:43:17.927 [main] BaseClass - Application Initialization started
[INFO ] 2023-12-01 03:43:25.284 [main] BaseClass - Application Initialization completed
[INFO ] 2023-12-01 03:43:25.284 [main] BaseClass - Starting test execution
[INFO ] 2023-12-01 03:47:08.517 [main] BaseClass - Application Initialization started
[INFO ] 2023-12-01 03:47:16.045 [main] BaseClass - Application Initialization completed
[INFO ] 2023-12-01 03:47:16.046 [main] BaseClass - Starting test execution
[INFO ] 2023-12-01 03:51:38.809 [main] BaseClass - Application Initialization started
[INFO ] 2023-12-01 03:51:46.226 [main] BaseClass - Application Initialization completed
[INFO ] 2023-12-01 03:51:46.226 [main] BaseClass - Starting test execution
[INFO ] 2023-12-04 23:05:30.316 [main] BaseClass - Application Initialization started
[INFO ] 2023-12-04 23:05:48.020 [main] BaseClass - Application Initialization completed
[INFO ] 2023-12-04 23:05:48.021 [main] BaseClass - Starting test execution
[INFO ] 2023-12-06 14:12:24.332 [main] BaseClass - Application Initialization started
[INFO ] 2023-12-06 14:13:32.460 [main] BaseClass - Application Initialization completed
[INFO ] 2023-12-06 14:13:32.460 [main] BaseClass - Starting test execution
[INFO ] 2023-12-06 14:19:15.288 [main] BaseClass - Application Initialization started
[INFO ] 2023-12-06 14:19:49.394 [main] BaseClass - Application Initialization completed
[INFO ] 2023-12-06 14:19:49.394 [main] BaseClass - Starting test execution
[INFO ] 2023-12-06 14:36:18.041 [main] BaseClass - Application Initialization started
[INFO ] 2023-12-06 14:36:49.249 [main] BaseClass - Application Initialization completed
[INFO ] 2023-12-06 14:36:49.251 [main] BaseClass - Starting test execution
[INFO ] 2023-12-06 15:20:35.892 [main] BaseClass - Application Initialization started
[INFO ] 2023-12-06 15:21:09.065 [main] BaseClass - Application Initialization completed
[INFO ] 2023-12-06 15:21:09.065 [main] BaseClass - Starting test execution
[INFO ] 2023-12-06 15:26:28.369 [main] BaseClass - Application Initialization started
[INFO ] 2023-12-06 15:27:00.873 [main] BaseClass - Application Initialization completed
[INFO ] 2023-12-06 15:27:00.874 [main] BaseClass - Starting test execution
[INFO ] 2023-12-06 15:34:29.603 [main] BaseClass - Application Initialization started
[INFO ] 2023-12-06 15:35:21.428 [main] BaseClass - Application Initialization completed
[INFO ] 2023-12-06 15:35:21.444 [main] BaseClass - Starting test execution
[INFO ] 2023-12-06 15:49:23.553 [main] BaseClass - Application Initialization started
[INFO ] 2023-12-06 15:49:59.586 [main] BaseClass - Application Initialization completed
[INFO ] 2023-12-06 15:49:59.587 [main] BaseClass - Starting test execution
[INFO ] 2023-12-06 15:53:42.010 [main] BaseClass - Application Initialization started
[INFO ] 2023-12-06 15:54:16.601 [main] BaseClass - Application Initialization completed
[INFO ] 2023-12-06 15:54:16.601 [main] BaseClass - Starting test execution
[INFO ] 2023-12-06 15:56:55.067 [main] BaseClass - Application Initialization started
[INFO ] 2023-12-06 15:57:23.682 [main] BaseClass - Application Initialization completed
[INFO ] 2023-12-06 15:57:23.682 [main] BaseClass - Starting test execution
[INFO ] 2023-12-06 15:57:40.791 [main] BaseClass - Application Initialization started
[INFO ] 2023-12-06 15:58:12.651 [main] BaseClass - Application Initialization completed
[INFO ] 2023-12-06 15:58:12.651 [main] BaseClass - Starting test execution
[INFO ] 2023-12-06 15:58:15.339 [main] BaseClass - Application Initialization started
[INFO ] 2023-12-06 15:58:48.305 [main] BaseClass - Application Initialization completed
[INFO ] 2023-12-06 15:58:48.306 [main] BaseClass - Starting test execution
[INFO ] 2023-12-06 15:59:34.656 [main] BaseClass - Application Initialization started
[INFO ] 2023-12-06 16:00:08.006 [main] BaseClass - Application Initialization completed
[INFO ] 2023-12-06 16:00:08.007 [main] BaseClass - Starting test execution
[INFO ] 2023-12-06 16:00:27.790 [main] BaseClass - Application Initialization started
[INFO ] 2023-12-06 16:00:56.870 [main] BaseClass - Application Initialization completed
[INFO ] 2023-12-06 16:00:56.870 [main] BaseClass - Starting test execution
[INFO ] 2023-12-06 16:04:04.351 [main] BaseClass - Application Initialization started
[INFO ] 2023-12-06 16:04:39.206 [main] BaseClass - Application Initialization completed
[INFO ] 2023-12-06 16:04:39.207 [main] BaseClass - Starting test execution
[INFO ] 2023-12-06 16:04:53.471 [main] BaseClass - Application Initialization started
[INFO ] 2023-12-06 16:05:24.956 [main] BaseClass - Application Initialization completed
[INFO ] 2023-12-06 16:05:24.956 [main] BaseClass - Starting test execution
[INFO ] 2023-12-06 16:05:27.348 [main] BaseClass - Application Initialization started
[INFO ] 2023-12-06 16:05:58.528 [main] BaseClass - Application Initialization completed
[INFO ] 2023-12-06 16:05:58.528 [main] BaseClass - Starting test execution
[INFO ] 2023-12-06 16:06:30.483 [main] BaseClass - Application Initialization started
[INFO ] 2023-12-06 16:07:01.891 [main] BaseClass - Application Initialization completed
[INFO ] 2023-12-06 16:07:01.891 [main] BaseClass - Starting test execution
[INFO ] 2023-12-06 16:07:25.051 [main] BaseClass - Application Initialization started
[INFO ] 2023-12-06 16:07:55.099 [main] BaseClass - Application Initialization completed
[INFO ] 2023-12-06 16:07:55.099 [main] BaseClass - Starting test execution
